::1 - - [18/Mar/2025:23:24:45 +0000] "POST /api/auth/register HTTP/1.1" 400 35 "-" "PostmanRuntime/7.43.2"
::1 - - [18/Mar/2025:23:25:13 +0000] "POST /api/auth/register HTTP/1.1" 201 46 "-" "PostmanRuntime/7.43.2"
::1 - - [18/Mar/2025:23:36:46 +0000] "GET /api-docs HTTP/1.1" 301 158 "-" "Mozilla/5.0 (Windows NT 10.0; Win64; x64) AppleWebKit/537.36 (KHTML, like Gecko) Chrome/134.0.0.0 Safari/537.36"
::1 - - [18/Mar/2025:23:36:46 +0000] "GET /api-docs/ HTTP/1.1" 200 3106 "-" "Mozilla/5.0 (Windows NT 10.0; Win64; x64) AppleWebKit/537.36 (KHTML, like Gecko) Chrome/134.0.0.0 Safari/537.36"
::1 - - [18/Mar/2025:23:36:47 +0000] "GET /api-docs/swagger-ui-init.js HTTP/1.1" 200 4053 "http://localhost:5000/api-docs/" "Mozilla/5.0 (Windows NT 10.0; Win64; x64) AppleWebKit/537.36 (KHTML, like Gecko) Chrome/134.0.0.0 Safari/537.36"
::1 - - [18/Mar/2025:23:36:47 +0000] "GET /api-docs/swagger-ui.css HTTP/1.1" 200 154985 "http://localhost:5000/api-docs/" "Mozilla/5.0 (Windows NT 10.0; Win64; x64) AppleWebKit/537.36 (KHTML, like Gecko) Chrome/134.0.0.0 Safari/537.36"
::1 - - [18/Mar/2025:23:36:47 +0000] "GET /api-docs/swagger-ui-standalone-preset.js HTTP/1.1" 200 229223 "http://localhost:5000/api-docs/" "Mozilla/5.0 (Windows NT 10.0; Win64; x64) AppleWebKit/537.36 (KHTML, like Gecko) Chrome/134.0.0.0 Safari/537.36"
::1 - - [18/Mar/2025:23:36:47 +0000] "GET /api-docs/swagger-ui-bundle.js HTTP/1.1" 200 1466324 "http://localhost:5000/api-docs/" "Mozilla/5.0 (Windows NT 10.0; Win64; x64) AppleWebKit/537.36 (KHTML, like Gecko) Chrome/134.0.0.0 Safari/537.36"
::1 - - [18/Mar/2025:23:36:47 +0000] "GET /api-docs/favicon-32x32.png HTTP/1.1" 200 628 "http://localhost:5000/api-docs/" "Mozilla/5.0 (Windows NT 10.0; Win64; x64) AppleWebKit/537.36 (KHTML, like Gecko) Chrome/134.0.0.0 Safari/537.36"
::1 - - [18/Mar/2025:23:37:46 +0000] "POST /api/auth/register HTTP/1.1" 400 28 "http://localhost:5000/api-docs/" "Mozilla/5.0 (Windows NT 10.0; Win64; x64) AppleWebKit/537.36 (KHTML, like Gecko) Chrome/134.0.0.0 Safari/537.36"
::1 - - [18/Mar/2025:23:37:58 +0000] "POST /api/auth/register HTTP/1.1" 201 46 "http://localhost:5000/api-docs/" "Mozilla/5.0 (Windows NT 10.0; Win64; x64) AppleWebKit/537.36 (KHTML, like Gecko) Chrome/134.0.0.0 Safari/537.36"
::1 - - [19/Mar/2025:12:08:56 +0000] "POST /api/auth/register HTTP/1.1" 201 46 "-" "PostmanRuntime/7.43.2"
::1 - - [19/Mar/2025:19:11:20 +0000] "POST /api/auth/register HTTP/1.1" 201 152 "-" "PostmanRuntime/7.43.2"
::1 - - [19/Mar/2025:20:49:30 +0000] "GET /api/cases HTTP/1.1" 401 50 "-" "PostmanRuntime/7.43.2"
::1 - - [19/Mar/2025:20:53:33 +0000] "GET /api/auth/login HTTP/1.1" 404 153 "-" "PostmanRuntime/7.43.2"
::1 - - [21/Mar/2025:11:53:06 +0000] "GET /api/cases HTTP/1.1" 401 50 "-" "PostmanRuntime/7.43.2"
::1 - - [21/Mar/2025:11:54:13 +0000] "GET /api/cases HTTP/1.1" 401 50 "-" "PostmanRuntime/7.43.2"
::1 - - [21/Mar/2025:11:54:19 +0000] "GET /api/auth/login HTTP/1.1" 404 153 "-" "PostmanRuntime/7.43.2"
::1 - - [21/Mar/2025:12:03:00 +0000] "GET /api/auth/login HTTP/1.1" 404 153 "-" "PostmanRuntime/7.43.2"
::1 - - [21/Mar/2025:12:14:07 +0000] "POST /api/auth/login HTTP/1.1" 400 40 "-" "PostmanRuntime/7.43.2"
::1 - - [21/Mar/2025:12:14:55 +0000] "POST /api/auth/login HTTP/1.1" 200 406 "-" "PostmanRuntime/7.43.2"
::1 - - [21/Mar/2025:12:19:26 +0000] "GET /api/cases HTTP/1.1" 200 2 "-" "PostmanRuntime/7.43.2"
::1 - - [21/Mar/2025:12:28:02 +0000] "POST /api/cases HTTP/1.1" 201 356 "-" "PostmanRuntime/7.43.2"
::1 - - [21/Mar/2025:12:28:29 +0000] "GET /api/cases HTTP/1.1" 500 45 "-" "PostmanRuntime/7.43.2"
::1 - - [21/Mar/2025:12:28:43 +0000] "GET /api/cases HTTP/1.1" 500 45 "-" "PostmanRuntime/7.43.2"
::1 - - [21/Mar/2025:12:29:07 +0000] "GET /api/cases HTTP/1.1" 500 45 "-" "PostmanRuntime/7.43.2"
::1 - - [21/Mar/2025:16:51:43 +0000] "POST /api/auth/login HTTP/1.1" 200 406 "-" "PostmanRuntime/7.43.2"
::1 - - [21/Mar/2025:16:52:22 +0000] "POST /api/cases HTTP/1.1" 201 351 "-" "PostmanRuntime/7.43.2"
::1 - - [21/Mar/2025:16:52:54 +0000] "GET /api/cases HTTP/1.1" 401 50 "-" "PostmanRuntime/7.43.2"
::1 - - [21/Mar/2025:16:53:05 +0000] "GET /api/cases HTTP/1.1" 500 45 "-" "PostmanRuntime/7.43.2"
::1 - - [21/Mar/2025:16:53:10 +0000] "GET /api/cases HTTP/1.1" 500 45 "-" "PostmanRuntime/7.43.2"
::1 - - [21/Mar/2025:17:16:05 +0000] "POST /api/cases HTTP/1.1" 201 333 "-" "PostmanRuntime/7.43.2"
::1 - - [21/Mar/2025:17:16:23 +0000] "GET /api/cases HTTP/1.1" 500 132 "-" "PostmanRuntime/7.43.2"
::1 - - [21/Mar/2025:17:17:34 +0000] "GET /api/cases/%7Bid%7D HTTP/1.1" 401 50 "-" "PostmanRuntime/7.43.2"
::1 - - [21/Mar/2025:17:18:03 +0000] "GET /api/cases/%7Bid%7D HTTP/1.1" 500 135 "-" "PostmanRuntime/7.43.2"
::1 - - [21/Mar/2025:17:18:21 +0000] "GET /api/cases/%7B67dd9ed55ad45e845b579999%7D HTTP/1.1" 500 157 "-" "PostmanRuntime/7.43.2"
::1 - - [21/Mar/2025:17:23:20 +0000] "GET /api/cases HTTP/1.1" 500 132 "-" "PostmanRuntime/7.43.2"
::1 - - [21/Mar/2025:17:23:30 +0000] "GET /api/cases HTTP/1.1" 500 132 "-" "PostmanRuntime/7.43.2"
::1 - - [21/Mar/2025:17:23:44 +0000] "GET /api/cases HTTP/1.1" 500 132 "-" "PostmanRuntime/7.43.2"
::1 - - [21/Mar/2025:17:24:49 +0000] "GET /api/cases HTTP/1.1" 200 906 "-" "PostmanRuntime/7.43.2"
::1 - - [21/Mar/2025:17:37:13 +0000] "GET /api/cases HTTP/1.1" 200 906 "-" "PostmanRuntime/7.43.2"
::1 - - [21/Mar/2025:17:37:44 +0000] "POST /api/auth/register HTTP/1.1" 201 155 "-" "PostmanRuntime/7.43.2"
::1 - - [21/Mar/2025:17:38:14 +0000] "POST /api/auth/login HTTP/1.1" 400 40 "-" "PostmanRuntime/7.43.2"
::1 - - [21/Mar/2025:17:38:37 +0000] "POST /api/auth/login HTTP/1.1" 200 413 "-" "PostmanRuntime/7.43.2"
::1 - - [21/Mar/2025:17:39:30 +0000] "POST /api/cases HTTP/1.1" 201 304 "-" "PostmanRuntime/7.43.2"
::1 - - [21/Mar/2025:17:39:45 +0000] "POST /api/cases HTTP/1.1" 201 304 "-" "PostmanRuntime/7.43.2"
::1 - - [21/Mar/2025:17:40:23 +0000] "POST /api/cases HTTP/1.1" 201 304 "-" "PostmanRuntime/7.43.2"
::1 - - [21/Mar/2025:17:40:46 +0000] "POST /api/cases HTTP/1.1" 201 298 "-" "PostmanRuntime/7.43.2"
::1 - - [21/Mar/2025:17:41:22 +0000] "POST /api/cases HTTP/1.1" 201 298 "-" "PostmanRuntime/7.43.2"
::1 - - [21/Mar/2025:17:41:52 +0000] "GET /api/cases HTTP/1.1" 200 2189 "-" "PostmanRuntime/7.43.2"
